<html>
<head>
<title>TestNG:  AlertingServices</title>
<link href="../testng.css" rel="stylesheet" type="text/css" />
<link href="../my-testng.css" rel="stylesheet" type="text/css" />

<style type="text/css">
.log { display: none;} 
.stack-trace { display: none;} 
</style>
<script type="text/javascript">
<!--
function flip(e) {
  current = e.style.display;
  if (current == 'block') {
    e.style.display = 'none';
    return 0;
  }
  else {
    e.style.display = 'block';
    return 1;
  }
}

function toggleBox(szDivId, elem, msg1, msg2)
{
  var res = -1;  if (document.getElementById) {
    res = flip(document.getElementById(szDivId));
  }
  else if (document.all) {
    // this is the way old msie versions work
    res = flip(document.all[szDivId]);
  }
  if(elem) {
    if(res == 0) elem.innerHTML = msg1; else elem.innerHTML = msg2;
  }

}

function toggleAllBoxes() {
  if (document.getElementsByTagName) {
    d = document.getElementsByTagName('div');
    for (i = 0; i < d.length; i++) {
      if (d[i].className == 'log') {
        flip(d[i]);
      }
    }
  }
}

// -->
</script>

</head>
<body>
<h2 align='center'>AlertingServices</h2><table border='1' align="center">
<tr>
<td>Tests passed/Failed/Skipped:</td><td>12/2/6</td>
</tr><tr>
<td>Started on:</td><td>Mon Jul 20 16:06:29 EET 2020</td>
</tr>
<tr><td>Total time:</td><td>110 seconds (110588 ms)</td>
</tr><tr>
<td>Included groups:</td><td></td>
</tr><tr>
<td>Excluded groups:</td><td></td>
</tr>
</table><p/>
<small><i>(Hover the method name to see the test class name)</i></small><p/>
<table width='100%' border='1' class='invocation-failed'>
<tr><td colspan='4' align='center'><b>FAILED CONFIGURATIONS</b></td></tr>
<tr><td><b>Test method</b></td>
<td width="30%"><b>Exception</b></td>
<td width="10%"><b>Time (seconds)</b></td>
<td><b>Instance</b></td>
</tr>
<tr>
<td title='ProductInventory.AlertingTest_AR.StartTestCase()'><b>StartTestCase</b><br>Test class: ProductInventory.AlertingTest_AR</td>
<td><div><pre>java.lang.IllegalArgumentException: Header value cannot be null
	at org.codehaus.groovy.runtime.callsite.ConstructorSite$ConstructorSiteNoUnwrap.callConstructor(ConstructorSite.java:84)
	at org.codehaus.groovy.runtime.callsite.CallSiteArray.defaultCallConstructor(CallSiteArray.java:59)
	at org.codehaus.groovy.runtime.callsite.AbstractCallSite.callConstructor(AbstractCallSite.java:263)
	at org.codehaus.groovy.runtime.callsite.AbstractCallSite.callConstructor(AbstractCallSite.java:277)
	at io.restassured.internal.common.assertion.AssertParameter.notNull(AssertParameter.groovy:26)
	at io.restassured.internal.common.assertion.AssertParameter$notNull.callStatic(Unknown Source)
	at org.codehaus.groovy.runtime.callsite.CallSiteArray.defaultCallStatic(CallSiteArray.java:55)
	at io.restassured.internal.common.assertion.AssertParameter$notNull.callStatic(Unknown Source)
	at io.restassured.internal.RequestSpecificationImpl.header(RequestSpecificationImpl.groovy:843)
	at ProductInventory.ProductEndPoints.AlertingArabicRequest(ProductEndPoints.java:49)
	at ProductInventory.AlertingTest_AR.StartTestCase(AlertingTest_AR.java:38)
... Removed 33 stack frames</pre></div><a href='#' onClick='toggleBox("stack-trace1645618353", this, "Click to show all stack frames", "Click to hide stack frames")'>Click to show all stack frames</a>
<div class='stack-trace' id='stack-trace1645618353'><pre>java.lang.IllegalArgumentException: Header value cannot be null
	at java.base/jdk.internal.reflect.NativeConstructorAccessorImpl.newInstance0(Native Method)
	at java.base/jdk.internal.reflect.NativeConstructorAccessorImpl.newInstance(NativeConstructorAccessorImpl.java:62)
	at java.base/jdk.internal.reflect.DelegatingConstructorAccessorImpl.newInstance(DelegatingConstructorAccessorImpl.java:45)
	at java.base/java.lang.reflect.Constructor.newInstanceWithCaller(Constructor.java:500)
	at java.base/java.lang.reflect.Constructor.newInstance(Constructor.java:481)
	at org.codehaus.groovy.reflection.CachedConstructor.invoke(CachedConstructor.java:72)
	at org.codehaus.groovy.reflection.CachedConstructor.doConstructorInvoke(CachedConstructor.java:59)
	at org.codehaus.groovy.runtime.callsite.ConstructorSite$ConstructorSiteNoUnwrap.callConstructor(ConstructorSite.java:84)
	at org.codehaus.groovy.runtime.callsite.CallSiteArray.defaultCallConstructor(CallSiteArray.java:59)
	at org.codehaus.groovy.runtime.callsite.AbstractCallSite.callConstructor(AbstractCallSite.java:263)
	at org.codehaus.groovy.runtime.callsite.AbstractCallSite.callConstructor(AbstractCallSite.java:277)
	at io.restassured.internal.common.assertion.AssertParameter.notNull(AssertParameter.groovy:26)
	at io.restassured.internal.common.assertion.AssertParameter$notNull.callStatic(Unknown Source)
	at org.codehaus.groovy.runtime.callsite.CallSiteArray.defaultCallStatic(CallSiteArray.java:55)
	at io.restassured.internal.common.assertion.AssertParameter$notNull.callStatic(Unknown Source)
	at io.restassured.internal.RequestSpecificationImpl.header(RequestSpecificationImpl.groovy:843)
	at ProductInventory.ProductEndPoints.AlertingArabicRequest(ProductEndPoints.java:49)
	at ProductInventory.AlertingTest_AR.StartTestCase(AlertingTest_AR.java:38)
	at java.base/jdk.internal.reflect.NativeMethodAccessorImpl.invoke0(Native Method)
	at java.base/jdk.internal.reflect.NativeMethodAccessorImpl.invoke(NativeMethodAccessorImpl.java:62)
	at java.base/jdk.internal.reflect.DelegatingMethodAccessorImpl.invoke(DelegatingMethodAccessorImpl.java:43)
	at java.base/java.lang.reflect.Method.invoke(Method.java:567)
	at org.testng.internal.MethodInvocationHelper.invokeMethod(MethodInvocationHelper.java:80)
	at org.testng.internal.Invoker.invokeConfigurationMethod(Invoker.java:564)
	at org.testng.internal.Invoker.invokeConfigurations(Invoker.java:213)
	at org.testng.internal.Invoker.invokeMethod(Invoker.java:653)
	at org.testng.internal.Invoker.invokeTestMethod(Invoker.java:901)
	at org.testng.internal.Invoker.invokeTestMethods(Invoker.java:1231)
	at org.testng.internal.TestMethodWorker.invokeTestMethods(TestMethodWorker.java:127)
	at org.testng.internal.TestMethodWorker.run(TestMethodWorker.java:111)
	at org.testng.TestRunner.privateRun(TestRunner.java:767)
	at org.testng.TestRunner.run(TestRunner.java:617)
	at org.testng.SuiteRunner.runTest(SuiteRunner.java:334)
	at org.testng.SuiteRunner.runSequentially(SuiteRunner.java:329)
	at org.testng.SuiteRunner.privateRun(SuiteRunner.java:291)
	at org.testng.SuiteRunner.run(SuiteRunner.java:240)
	at org.testng.SuiteRunnerWorker.runSuite(SuiteRunnerWorker.java:52)
	at org.testng.SuiteRunnerWorker.run(SuiteRunnerWorker.java:86)
	at org.testng.TestNG.runSuitesSequentially(TestNG.java:1198)
	at org.testng.TestNG.runSuitesLocally(TestNG.java:1123)
	at org.testng.TestNG.run(TestNG.java:1031)
	at org.testng.remote.AbstractRemoteTestNG.run(AbstractRemoteTestNG.java:115)
	at org.testng.remote.RemoteTestNG.initAndRun(RemoteTestNG.java:251)
	at org.testng.remote.RemoteTestNG.main(RemoteTestNG.java:77)
</pre></div></td>
<td>0</td>
<td>ProductInventory.AlertingTest_AR@5a955565</td></tr>
</table><p>
<table width='100%' border='1' class='invocation-skipped'>
<tr><td colspan='4' align='center'><b>SKIPPED CONFIGURATIONS</b></td></tr>
<tr><td><b>Test method</b></td>
<td width="30%"><b>Exception</b></td>
<td width="10%"><b>Time (seconds)</b></td>
<td><b>Instance</b></td>
</tr>
<tr>
<td title='ProductInventory.AlertingTest_AR.StartTestCase()'><b>StartTestCase</b><br>Test class: ProductInventory.AlertingTest_AR</td>
<td></td>
<td>0</td>
<td>ProductInventory.AlertingTest_AR@5a955565</td></tr>
<tr>
<td title='ProductInventory.AlertingTest_AR.StartTestCase()'><b>StartTestCase</b><br>Test class: ProductInventory.AlertingTest_AR</td>
<td></td>
<td>0</td>
<td>ProductInventory.AlertingTest_AR@5a955565</td></tr>
<tr>
<td title='ProductInventory.AlertingTest_AR.StartTestCase()'><b>StartTestCase</b><br>Test class: ProductInventory.AlertingTest_AR</td>
<td></td>
<td>0</td>
<td>ProductInventory.AlertingTest_AR@5a955565</td></tr>
<tr>
<td title='ProductInventory.AlertingTest_AR.StartTestCase()'><b>StartTestCase</b><br>Test class: ProductInventory.AlertingTest_AR</td>
<td></td>
<td>0</td>
<td>ProductInventory.AlertingTest_AR@5a955565</td></tr>
<tr>
<td title='ProductInventory.AlertingTest_AR.StartTestCase()'><b>StartTestCase</b><br>Test class: ProductInventory.AlertingTest_AR</td>
<td></td>
<td>0</td>
<td>ProductInventory.AlertingTest_AR@5a955565</td></tr>
<tr>
<td title='ProductInventory.AlertingTest_AR.EndReportTestCase()'><b>EndReportTestCase</b><br>Test class: ProductInventory.AlertingTest_AR</td>
<td></td>
<td>0</td>
<td>ProductInventory.AlertingTest_AR@5a955565</td></tr>
<tr>
<td title='ProductInventory.AlertingTest_AR.EndReportTestCase()'><b>EndReportTestCase</b><br>Test class: ProductInventory.AlertingTest_AR</td>
<td></td>
<td>0</td>
<td>ProductInventory.AlertingTest_AR@5a955565</td></tr>
<tr>
<td title='ProductInventory.AlertingTest_AR.EndReportTestCase()'><b>EndReportTestCase</b><br>Test class: ProductInventory.AlertingTest_AR</td>
<td></td>
<td>0</td>
<td>ProductInventory.AlertingTest_AR@5a955565</td></tr>
<tr>
<td title='ProductInventory.AlertingTest_AR.EndReportTestCase()'><b>EndReportTestCase</b><br>Test class: ProductInventory.AlertingTest_AR</td>
<td></td>
<td>0</td>
<td>ProductInventory.AlertingTest_AR@5a955565</td></tr>
<tr>
<td title='ProductInventory.AlertingTest_AR.EndReportTestCase()'><b>EndReportTestCase</b><br>Test class: ProductInventory.AlertingTest_AR</td>
<td></td>
<td>0</td>
<td>ProductInventory.AlertingTest_AR@5a955565</td></tr>
<tr>
<td title='ProductInventory.AlertingTest_AR.EndReportTestCase()'><b>EndReportTestCase</b><br>Test class: ProductInventory.AlertingTest_AR</td>
<td></td>
<td>0</td>
<td>ProductInventory.AlertingTest_AR@5a955565</td></tr>
</table><p>
<table width='100%' border='1' class='invocation-failed'>
<tr><td colspan='4' align='center'><b>FAILED TESTS</b></td></tr>
<tr><td><b>Test method</b></td>
<td width="30%"><b>Exception</b></td>
<td width="10%"><b>Time (seconds)</b></td>
<td><b>Instance</b></td>
</tr>
<tr>
<td title='ProductInventory.AlertingTest.HealthProduct2()'><b>HealthProduct2</b><br>Test class: ProductInventory.AlertingTest</td>
<td><div><pre>java.lang.ClassCastException: class java.util.LinkedHashMap cannot be cast to class java.util.List (java.util.LinkedHashMap and java.util.List are in module java.base of loader &apos;bootstrap&apos;)
	at io.restassured.path.json.JsonPath.getList(JsonPath.java:375)
	at ProductInventory.AlertingProducts.&lt;init&gt;(AlertingProducts.java:27)
	at ProductInventory.AlertingTest.HealthProduct2(AlertingTest.java:65)
... Removed 24 stack frames</pre></div><a href='#' onClick='toggleBox("stack-trace1166452906", this, "Click to show all stack frames", "Click to hide stack frames")'>Click to show all stack frames</a>
<div class='stack-trace' id='stack-trace1166452906'><pre>java.lang.ClassCastException: class java.util.LinkedHashMap cannot be cast to class java.util.List (java.util.LinkedHashMap and java.util.List are in module java.base of loader &apos;bootstrap&apos;)
	at io.restassured.path.json.JsonPath.getList(JsonPath.java:375)
	at ProductInventory.AlertingProducts.&lt;init&gt;(AlertingProducts.java:27)
	at ProductInventory.AlertingTest.HealthProduct2(AlertingTest.java:65)
	at java.base/jdk.internal.reflect.NativeMethodAccessorImpl.invoke0(Native Method)
	at java.base/jdk.internal.reflect.NativeMethodAccessorImpl.invoke(NativeMethodAccessorImpl.java:62)
	at java.base/jdk.internal.reflect.DelegatingMethodAccessorImpl.invoke(DelegatingMethodAccessorImpl.java:43)
	at java.base/java.lang.reflect.Method.invoke(Method.java:567)
	at org.testng.internal.MethodInvocationHelper.invokeMethod(MethodInvocationHelper.java:80)
	at org.testng.internal.Invoker.invokeMethod(Invoker.java:714)
	at org.testng.internal.Invoker.invokeTestMethod(Invoker.java:901)
	at org.testng.internal.Invoker.invokeTestMethods(Invoker.java:1231)
	at org.testng.internal.TestMethodWorker.invokeTestMethods(TestMethodWorker.java:127)
	at org.testng.internal.TestMethodWorker.run(TestMethodWorker.java:111)
	at org.testng.TestRunner.privateRun(TestRunner.java:767)
	at org.testng.TestRunner.run(TestRunner.java:617)
	at org.testng.SuiteRunner.runTest(SuiteRunner.java:334)
	at org.testng.SuiteRunner.runSequentially(SuiteRunner.java:329)
	at org.testng.SuiteRunner.privateRun(SuiteRunner.java:291)
	at org.testng.SuiteRunner.run(SuiteRunner.java:240)
	at org.testng.SuiteRunnerWorker.runSuite(SuiteRunnerWorker.java:52)
	at org.testng.SuiteRunnerWorker.run(SuiteRunnerWorker.java:86)
	at org.testng.TestNG.runSuitesSequentially(TestNG.java:1198)
	at org.testng.TestNG.runSuitesLocally(TestNG.java:1123)
	at org.testng.TestNG.run(TestNG.java:1031)
	at org.testng.remote.AbstractRemoteTestNG.run(AbstractRemoteTestNG.java:115)
	at org.testng.remote.RemoteTestNG.initAndRun(RemoteTestNG.java:251)
	at org.testng.remote.RemoteTestNG.main(RemoteTestNG.java:77)
</pre></div></td>
<td>0</td>
<td>ProductInventory.AlertingTest@6293abcc</td></tr>
<tr>
<td title='ProductInventory.AlertingTest.UnsubscribedProduct()'><b>UnsubscribedProduct</b><br>Test class: ProductInventory.AlertingTest</td>
<td><div><pre>io.restassured.path.json.exception.JsonPathException: Failed to parse the JSON document
	at io.restassured.path.json.JsonPath$ExceptionCatcher.invoke(JsonPath.java:1002)
	at io.restassured.path.json.JsonPath$4.doParseWith(JsonPath.java:967)
	at io.restassured.path.json.JsonPath$JsonParser.parseWith(JsonPath.java:1047)
	at io.restassured.path.json.JsonPath.get(JsonPath.java:202)
	at io.restassured.path.json.JsonPath.getList(JsonPath.java:375)
	at ProductInventory.AlertingProducts.&lt;init&gt;(AlertingProducts.java:27)
	at ProductInventory.AlertingTest.UnsubscribedProduct(AlertingTest.java:113)
Caused by: groovy.json.JsonException: Lexing failed on line: 1, column: 1, while reading &apos;&lt;&apos;, no possible valid JSON value or punctuation could be recognized.
	at groovy.json.JsonLexer.nextToken(JsonLexer.java:86)
	at groovy.json.JsonLexer$nextToken.call(Unknown Source)
	at io.restassured.internal.path.json.ConfigurableJsonSlurper.parse(ConfigurableJsonSlurper.groovy:97)
	at io.restassured.internal.path.json.ConfigurableJsonSlurper$parse.callCurrent(Unknown Source)
	at io.restassured.internal.path.json.ConfigurableJsonSlurper.parseText(ConfigurableJsonSlurper.groovy:83)
	at io.restassured.path.json.JsonPath$4$1.method(JsonPath.java:965)
	at io.restassured.path.json.JsonPath$ExceptionCatcher.invoke(JsonPath.java:1000)
	... 30 more
... Removed 24 stack frames</pre></div><a href='#' onClick='toggleBox("stack-trace939517171", this, "Click to show all stack frames", "Click to hide stack frames")'>Click to show all stack frames</a>
<div class='stack-trace' id='stack-trace939517171'><pre>io.restassured.path.json.exception.JsonPathException: Failed to parse the JSON document
	at io.restassured.path.json.JsonPath$ExceptionCatcher.invoke(JsonPath.java:1002)
	at io.restassured.path.json.JsonPath$4.doParseWith(JsonPath.java:967)
	at io.restassured.path.json.JsonPath$JsonParser.parseWith(JsonPath.java:1047)
	at io.restassured.path.json.JsonPath.get(JsonPath.java:202)
	at io.restassured.path.json.JsonPath.getList(JsonPath.java:375)
	at ProductInventory.AlertingProducts.&lt;init&gt;(AlertingProducts.java:27)
	at ProductInventory.AlertingTest.UnsubscribedProduct(AlertingTest.java:113)
	at java.base/jdk.internal.reflect.NativeMethodAccessorImpl.invoke0(Native Method)
	at java.base/jdk.internal.reflect.NativeMethodAccessorImpl.invoke(NativeMethodAccessorImpl.java:62)
	at java.base/jdk.internal.reflect.DelegatingMethodAccessorImpl.invoke(DelegatingMethodAccessorImpl.java:43)
	at java.base/java.lang.reflect.Method.invoke(Method.java:567)
	at org.testng.internal.MethodInvocationHelper.invokeMethod(MethodInvocationHelper.java:80)
	at org.testng.internal.Invoker.invokeMethod(Invoker.java:714)
	at org.testng.internal.Invoker.invokeTestMethod(Invoker.java:901)
	at org.testng.internal.Invoker.invokeTestMethods(Invoker.java:1231)
	at org.testng.internal.TestMethodWorker.invokeTestMethods(TestMethodWorker.java:127)
	at org.testng.internal.TestMethodWorker.run(TestMethodWorker.java:111)
	at org.testng.TestRunner.privateRun(TestRunner.java:767)
	at org.testng.TestRunner.run(TestRunner.java:617)
	at org.testng.SuiteRunner.runTest(SuiteRunner.java:334)
	at org.testng.SuiteRunner.runSequentially(SuiteRunner.java:329)
	at org.testng.SuiteRunner.privateRun(SuiteRunner.java:291)
	at org.testng.SuiteRunner.run(SuiteRunner.java:240)
	at org.testng.SuiteRunnerWorker.runSuite(SuiteRunnerWorker.java:52)
	at org.testng.SuiteRunnerWorker.run(SuiteRunnerWorker.java:86)
	at org.testng.TestNG.runSuitesSequentially(TestNG.java:1198)
	at org.testng.TestNG.runSuitesLocally(TestNG.java:1123)
	at org.testng.TestNG.run(TestNG.java:1031)
	at org.testng.remote.AbstractRemoteTestNG.run(AbstractRemoteTestNG.java:115)
	at org.testng.remote.RemoteTestNG.initAndRun(RemoteTestNG.java:251)
	at org.testng.remote.RemoteTestNG.main(RemoteTestNG.java:77)
Caused by: groovy.json.JsonException: Lexing failed on line: 1, column: 1, while reading &apos;&lt;&apos;, no possible valid JSON value or punctuation could be recognized.
	at groovy.json.JsonLexer.nextToken(JsonLexer.java:86)
	at groovy.json.JsonLexer$nextToken.call(Unknown Source)
	at io.restassured.internal.path.json.ConfigurableJsonSlurper.parse(ConfigurableJsonSlurper.groovy:97)
	at io.restassured.internal.path.json.ConfigurableJsonSlurper$parse.callCurrent(Unknown Source)
	at io.restassured.internal.path.json.ConfigurableJsonSlurper.parseText(ConfigurableJsonSlurper.groovy:83)
	at io.restassured.path.json.JsonPath$4$1.method(JsonPath.java:965)
	at io.restassured.path.json.JsonPath$ExceptionCatcher.invoke(JsonPath.java:1000)
	... 30 more
</pre></div></td>
<td>0</td>
<td>ProductInventory.AlertingTest@6293abcc</td></tr>
</table><p>
<table width='100%' border='1' class='invocation-passed'>
<tr><td colspan='4' align='center'><b>PASSED TESTS</b></td></tr>
<tr><td><b>Test method</b></td>
<td width="30%"><b>Exception</b></td>
<td width="10%"><b>Time (seconds)</b></td>
<td><b>Instance</b></td>
</tr>
<tr>
<td title='ProductInventory.AlertingTest.CookingProduct()'><b>CookingProduct</b><br>Test class: ProductInventory.AlertingTest</td>
<td></td>
<td>0</td>
<td>ProductInventory.AlertingTest@6293abcc</td></tr>
<tr>
<td title='ProductInventory.AlertingTest.HealthProduct()'><b>HealthProduct</b><br>Test class: ProductInventory.AlertingTest</td>
<td></td>
<td>0</td>
<td>ProductInventory.AlertingTest@6293abcc</td></tr>
<tr>
<td title='ProductInventory.AlertingTest.NoProduct()'><b>NoProduct</b><br>Test class: ProductInventory.AlertingTest</td>
<td></td>
<td>0</td>
<td>ProductInventory.AlertingTest@6293abcc</td></tr>
<tr>
<td title='ProductInventory.AlertingErrorTest.PostRequest()'><b>PostRequest</b><br>Test class: ProductInventory.AlertingErrorTest</td>
<td></td>
<td>1</td>
<td>ProductInventory.AlertingErrorTest@6e75aa0d</td></tr>
<tr>
<td title='ProductInventory.AlertingTest.ReligiousProduct()'><b>ReligiousProduct</b><br>Test class: ProductInventory.AlertingTest</td>
<td></td>
<td>0</td>
<td>ProductInventory.AlertingTest@6293abcc</td></tr>
<tr>
<td title='ProductInventory.AlertingErrorTest.RequestWithDifferentMSISDN()'><b>RequestWithDifferentMSISDN</b><br>Test class: ProductInventory.AlertingErrorTest</td>
<td></td>
<td>5</td>
<td>ProductInventory.AlertingErrorTest@6e75aa0d</td></tr>
<tr>
<td title='ProductInventory.AlertingErrorTest.RequestWithoutContentType()'><b>RequestWithoutContentType</b><br>Test class: ProductInventory.AlertingErrorTest</td>
<td></td>
<td>5</td>
<td>ProductInventory.AlertingErrorTest@6e75aa0d</td></tr>
<tr>
<td title='ProductInventory.AlertingErrorTest.RequestWithoutMsisdn()'><b>RequestWithoutMsisdn</b><br>Test class: ProductInventory.AlertingErrorTest</td>
<td></td>
<td>23</td>
<td>ProductInventory.AlertingErrorTest@6e75aa0d</td></tr>
<tr>
<td title='ProductInventory.AlertingErrorTest.RequestWithoutToken()'><b>RequestWithoutToken</b><br>Test class: ProductInventory.AlertingErrorTest</td>
<td></td>
<td>7</td>
<td>ProductInventory.AlertingErrorTest@6e75aa0d</td></tr>
<tr>
<td title='ProductInventory.AlertingErrorTest.RequestWrongURL()'><b>RequestWrongURL</b><br>Test class: ProductInventory.AlertingErrorTest</td>
<td></td>
<td>1</td>
<td>ProductInventory.AlertingErrorTest@6e75aa0d</td></tr>
<tr>
<td title='ProductInventory.AlertingErrorTest.badRequest()'><b>badRequest</b><br>Test class: ProductInventory.AlertingErrorTest</td>
<td></td>
<td>1</td>
<td>ProductInventory.AlertingErrorTest@6e75aa0d</td></tr>
<tr>
<td title='ProductInventory.AlertingErrorTest.missningQRequest()'><b>missningQRequest</b><br>Test class: ProductInventory.AlertingErrorTest</td>
<td></td>
<td>1</td>
<td>ProductInventory.AlertingErrorTest@6e75aa0d</td></tr>
</table><p>
<table width='100%' border='1' class='invocation-skipped'>
<tr><td colspan='4' align='center'><b>SKIPPED TESTS</b></td></tr>
<tr><td><b>Test method</b></td>
<td width="30%"><b>Exception</b></td>
<td width="10%"><b>Time (seconds)</b></td>
<td><b>Instance</b></td>
</tr>
<tr>
<td title='ProductInventory.AlertingTest_AR.CookingProduct()'><b>CookingProduct</b><br>Test class: ProductInventory.AlertingTest_AR</td>
<td></td>
<td>0</td>
<td>ProductInventory.AlertingTest_AR@5a955565</td></tr>
<tr>
<td title='ProductInventory.AlertingTest_AR.HealthProduct()'><b>HealthProduct</b><br>Test class: ProductInventory.AlertingTest_AR</td>
<td></td>
<td>0</td>
<td>ProductInventory.AlertingTest_AR@5a955565</td></tr>
<tr>
<td title='ProductInventory.AlertingTest_AR.HealthProduct2()'><b>HealthProduct2</b><br>Test class: ProductInventory.AlertingTest_AR</td>
<td></td>
<td>0</td>
<td>ProductInventory.AlertingTest_AR@5a955565</td></tr>
<tr>
<td title='ProductInventory.AlertingTest_AR.NoProduct()'><b>NoProduct</b><br>Test class: ProductInventory.AlertingTest_AR</td>
<td></td>
<td>0</td>
<td>ProductInventory.AlertingTest_AR@5a955565</td></tr>
<tr>
<td title='ProductInventory.AlertingTest_AR.ReligiousProduct()'><b>ReligiousProduct</b><br>Test class: ProductInventory.AlertingTest_AR</td>
<td></td>
<td>0</td>
<td>ProductInventory.AlertingTest_AR@5a955565</td></tr>
<tr>
<td title='ProductInventory.AlertingTest_AR.UnsubscribedProduct()'><b>UnsubscribedProduct</b><br>Test class: ProductInventory.AlertingTest_AR</td>
<td></td>
<td>0</td>
<td>ProductInventory.AlertingTest_AR@5a955565</td></tr>
</table><p>
</body>
</html>