<?xml version="1.0" encoding="UTF-8"?>
<!-- Generated by org.testng.reporters.JUnitXMLReporter -->
<testsuite hostname="IT3ANCVR" failures="0" tests="9" name="Loyalty" time="5.326" errors="0" timestamp="6 Jul 2020 14:56:12 GMT">
  <testcase classname="Loyalty.LoyaltyTest" name="@BeforeMethod StartTestCase" time="0.0">
    <failure type="io.restassured.path.json.exception.JsonPathException" message="Failed to parse the JSON document">
      <![CDATA[io.restassured.path.json.exception.JsonPathException: Failed to parse the JSON document
	at io.restassured.path.json.JsonPath$ExceptionCatcher.invoke(JsonPath.java:1002)
	at io.restassured.path.json.JsonPath$4.doParseWith(JsonPath.java:967)
	at io.restassured.path.json.JsonPath$JsonParser.parseWith(JsonPath.java:1047)
	at io.restassured.path.json.JsonPath.get(JsonPath.java:202)
	at Utilities.Auth.getToken(Auth.java:36)
	at Loyalty.LoyaltyEndpoints.loyaltyRequest(LoyaltyEndpoints.java:17)
	at Loyalty.LoyaltyTest.StartTestCase(LoyaltyTest.java:41)
Caused by: groovy.json.JsonException: Lexing failed on line: 1, column: 1, while reading '<', no possible valid JSON value or punctuation could be recognized.
	at groovy.json.JsonLexer.nextToken(JsonLexer.java:86)
	at groovy.json.JsonLexer$nextToken.call(Unknown Source)
	at org.codehaus.groovy.runtime.callsite.CallSiteArray.defaultCall(CallSiteArray.java:47)
	at org.codehaus.groovy.runtime.callsite.AbstractCallSite.call(AbstractCallSite.java:125)
	at org.codehaus.groovy.runtime.callsite.AbstractCallSite.call(AbstractCallSite.java:130)
	at io.restassured.internal.path.json.ConfigurableJsonSlurper.parse(ConfigurableJsonSlurper.groovy:97)
	at io.restassured.internal.path.json.ConfigurableJsonSlurper$parse.callCurrent(Unknown Source)
	at org.codehaus.groovy.runtime.callsite.CallSiteArray.defaultCallCurrent(CallSiteArray.java:51)
	at org.codehaus.groovy.runtime.callsite.AbstractCallSite.callCurrent(AbstractCallSite.java:171)
	at org.codehaus.groovy.runtime.callsite.AbstractCallSite.callCurrent(AbstractCallSite.java:185)
	at io.restassured.internal.path.json.ConfigurableJsonSlurper.parseText(ConfigurableJsonSlurper.groovy:83)
	at io.restassured.path.json.JsonPath$4$1.method(JsonPath.java:965)
	at io.restassured.path.json.JsonPath$ExceptionCatcher.invoke(JsonPath.java:1000)
	... 32 more
... Removed 26 stack frames]]>
    </failure>
  </testcase> <!-- @BeforeMethod StartTestCase -->
  <testcase classname="Loyalty.LoyaltyTest" name="@AfterMethod EndReportTestCase" time="0.0">
    <skipped/>
  </testcase> <!-- @AfterMethod EndReportTestCase -->
  <testcase classname="Loyalty.LoyaltyTest" name="@BeforeMethod StartTestCase" time="0.0">
    <skipped/>
  </testcase> <!-- @BeforeMethod StartTestCase -->
  <testcase classname="Loyalty.LoyaltyTest" name="@AfterMethod EndReportTestCase" time="0.0">
    <skipped/>
  </testcase> <!-- @AfterMethod EndReportTestCase -->
  <testcase classname="Loyalty.LoyaltyTest" name="@BeforeMethod StartTestCase" time="0.0">
    <skipped/>
  </testcase> <!-- @BeforeMethod StartTestCase -->
  <testcase classname="Loyalty.LoyaltyTest" name="@AfterMethod EndReportTestCase" time="0.0">
    <skipped/>
  </testcase> <!-- @AfterMethod EndReportTestCase -->
  <testcase classname="Loyalty.LoyaltyTest" name="@BeforeMethod StartTestCase" time="0.0">
    <skipped/>
  </testcase> <!-- @BeforeMethod StartTestCase -->
  <testcase classname="Loyalty.LoyaltyTest" name="@AfterMethod EndReportTestCase" time="0.0">
    <skipped/>
  </testcase> <!-- @AfterMethod EndReportTestCase -->
  <testcase classname="Loyalty.LoyaltyTest" name="RedPointsHasValue" time="0.003">
    <skipped/>
  </testcase> <!-- RedPointsHasValue -->
  <testcase classname="Loyalty.LoyaltyTest" name="RedPointsAreZero" time="0.001">
    <skipped/>
  </testcase> <!-- RedPointsAreZero -->
  <testcase classname="Loyalty.LoyaltyTest" name="RedNotEligibleForLoyalty" time="0.002">
    <skipped/>
  </testcase> <!-- RedNotEligibleForLoyalty -->
  <testcase classname="Loyalty.LoyaltyTest" name="NonRedNumber" time="0.002">
    <skipped/>
  </testcase> <!-- NonRedNumber -->
  <testcase classname="Loyalty.LoyaltyErrorTest" name="RequestWithoutMsisdn" time="0.37"/>
  <testcase classname="Loyalty.LoyaltyErrorTest" name="RequestWithoutToken" time="0.383"/>
  <testcase classname="Loyalty.LoyaltyErrorTest" name="RequestWrongURL" time="0.336"/>
  <testcase classname="Loyalty.LoyaltyErrorTest" name="PostRequest" time="0.356"/>
  <testcase classname="Loyalty.LoyaltyErrorTest" name="RequestWithoutContentType" time="0.337"/>
</testsuite> <!-- Loyalty -->
