<html>
<head>
<title>TestNG:  Management</title>
<link href="../testng.css" rel="stylesheet" type="text/css" />
<link href="../my-testng.css" rel="stylesheet" type="text/css" />

<style type="text/css">
.log { display: none;} 
.stack-trace { display: none;} 
</style>
<script type="text/javascript">
<!--
function flip(e) {
  current = e.style.display;
  if (current == 'block') {
    e.style.display = 'none';
    return 0;
  }
  else {
    e.style.display = 'block';
    return 1;
  }
}

function toggleBox(szDivId, elem, msg1, msg2)
{
  var res = -1;  if (document.getElementById) {
    res = flip(document.getElementById(szDivId));
  }
  else if (document.all) {
    // this is the way old msie versions work
    res = flip(document.all[szDivId]);
  }
  if(elem) {
    if(res == 0) elem.innerHTML = msg1; else elem.innerHTML = msg2;
  }

}

function toggleAllBoxes() {
  if (document.getElementsByTagName) {
    d = document.getElementsByTagName('div');
    for (i = 0; i < d.length; i++) {
      if (d[i].className == 'log') {
        flip(d[i]);
      }
    }
  }
}

// -->
</script>

</head>
<body>
<h2 align='center'>Management</h2><table border='1' align="center">
<tr>
<td>Tests passed/Failed/Skipped:</td><td>7/1/4</td>
</tr><tr>
<td>Started on:</td><td>Mon Jul 06 16:52:16 EET 2020</td>
</tr>
<tr><td>Total time:</td><td>4 seconds (4392 ms)</td>
</tr><tr>
<td>Included groups:</td><td></td>
</tr><tr>
<td>Excluded groups:</td><td></td>
</tr>
</table><p/>
<small><i>(Hover the method name to see the test class name)</i></small><p/>
<table width='100%' border='1' class='invocation-failed'>
<tr><td colspan='4' align='center'><b>FAILED CONFIGURATIONS</b></td></tr>
<tr><td><b>Test method</b></td>
<td width="30%"><b>Exception</b></td>
<td width="10%"><b>Time (seconds)</b></td>
<td><b>Instance</b></td>
</tr>
<tr>
<td title='Management.ManagementTest.StartTestCase()'><b>StartTestCase</b><br>Test class: Management.ManagementTest</td>
<td><div><pre>io.restassured.path.json.exception.JsonPathException: Failed to parse the JSON document
	at io.restassured.path.json.JsonPath$ExceptionCatcher.invoke(JsonPath.java:1002)
	at io.restassured.path.json.JsonPath$4.doParseWith(JsonPath.java:967)
	at io.restassured.path.json.JsonPath$JsonParser.parseWith(JsonPath.java:1047)
	at io.restassured.path.json.JsonPath.get(JsonPath.java:202)
	at Utilities.Auth.getToken(Auth.java:36)
	at Management.ManagementEndPoints.managementRequest(ManagementEndPoints.java:17)
	at Management.ManagementTest.StartTestCase(ManagementTest.java:41)
Caused by: groovy.json.JsonException: Lexing failed on line: 1, column: 1, while reading &apos;&lt;&apos;, no possible valid JSON value or punctuation could be recognized.
	at groovy.json.JsonLexer.nextToken(JsonLexer.java:86)
	at groovy.json.JsonLexer$nextToken.call(Unknown Source)
	at io.restassured.internal.path.json.ConfigurableJsonSlurper.parse(ConfigurableJsonSlurper.groovy:97)
	at io.restassured.internal.path.json.ConfigurableJsonSlurper$parse.callCurrent(Unknown Source)
	at io.restassured.internal.path.json.ConfigurableJsonSlurper.parseText(ConfigurableJsonSlurper.groovy:83)
	at io.restassured.path.json.JsonPath$4$1.method(JsonPath.java:965)
	at io.restassured.path.json.JsonPath$ExceptionCatcher.invoke(JsonPath.java:1000)
	... 32 more
... Removed 26 stack frames</pre></div><a href='#' onClick='toggleBox("stack-trace1518517336", this, "Click to show all stack frames", "Click to hide stack frames")'>Click to show all stack frames</a>
<div class='stack-trace' id='stack-trace1518517336'><pre>io.restassured.path.json.exception.JsonPathException: Failed to parse the JSON document
	at io.restassured.path.json.JsonPath$ExceptionCatcher.invoke(JsonPath.java:1002)
	at io.restassured.path.json.JsonPath$4.doParseWith(JsonPath.java:967)
	at io.restassured.path.json.JsonPath$JsonParser.parseWith(JsonPath.java:1047)
	at io.restassured.path.json.JsonPath.get(JsonPath.java:202)
	at Utilities.Auth.getToken(Auth.java:36)
	at Management.ManagementEndPoints.managementRequest(ManagementEndPoints.java:17)
	at Management.ManagementTest.StartTestCase(ManagementTest.java:41)
	at java.base/jdk.internal.reflect.NativeMethodAccessorImpl.invoke0(Native Method)
	at java.base/jdk.internal.reflect.NativeMethodAccessorImpl.invoke(NativeMethodAccessorImpl.java:62)
	at java.base/jdk.internal.reflect.DelegatingMethodAccessorImpl.invoke(DelegatingMethodAccessorImpl.java:43)
	at java.base/java.lang.reflect.Method.invoke(Method.java:567)
	at org.testng.internal.MethodInvocationHelper.invokeMethod(MethodInvocationHelper.java:80)
	at org.testng.internal.Invoker.invokeConfigurationMethod(Invoker.java:564)
	at org.testng.internal.Invoker.invokeConfigurations(Invoker.java:213)
	at org.testng.internal.Invoker.invokeMethod(Invoker.java:653)
	at org.testng.internal.Invoker.invokeTestMethod(Invoker.java:901)
	at org.testng.internal.Invoker.invokeTestMethods(Invoker.java:1231)
	at org.testng.internal.TestMethodWorker.invokeTestMethods(TestMethodWorker.java:127)
	at org.testng.internal.TestMethodWorker.run(TestMethodWorker.java:111)
	at org.testng.TestRunner.privateRun(TestRunner.java:767)
	at org.testng.TestRunner.run(TestRunner.java:617)
	at org.testng.SuiteRunner.runTest(SuiteRunner.java:334)
	at org.testng.SuiteRunner.runSequentially(SuiteRunner.java:329)
	at org.testng.SuiteRunner.privateRun(SuiteRunner.java:291)
	at org.testng.SuiteRunner.run(SuiteRunner.java:240)
	at org.testng.SuiteRunnerWorker.runSuite(SuiteRunnerWorker.java:52)
	at org.testng.SuiteRunnerWorker.run(SuiteRunnerWorker.java:86)
	at org.testng.TestNG.runSuitesSequentially(TestNG.java:1198)
	at org.testng.TestNG.runSuitesLocally(TestNG.java:1123)
	at org.testng.TestNG.run(TestNG.java:1031)
	at org.testng.remote.AbstractRemoteTestNG.run(AbstractRemoteTestNG.java:115)
	at org.testng.remote.RemoteTestNG.initAndRun(RemoteTestNG.java:251)
	at org.testng.remote.RemoteTestNG.main(RemoteTestNG.java:77)
Caused by: groovy.json.JsonException: Lexing failed on line: 1, column: 1, while reading &apos;&lt;&apos;, no possible valid JSON value or punctuation could be recognized.
	at groovy.json.JsonLexer.nextToken(JsonLexer.java:86)
	at groovy.json.JsonLexer$nextToken.call(Unknown Source)
	at io.restassured.internal.path.json.ConfigurableJsonSlurper.parse(ConfigurableJsonSlurper.groovy:97)
	at io.restassured.internal.path.json.ConfigurableJsonSlurper$parse.callCurrent(Unknown Source)
	at io.restassured.internal.path.json.ConfigurableJsonSlurper.parseText(ConfigurableJsonSlurper.groovy:83)
	at io.restassured.path.json.JsonPath$4$1.method(JsonPath.java:965)
	at io.restassured.path.json.JsonPath$ExceptionCatcher.invoke(JsonPath.java:1000)
	... 32 more
</pre></div></td>
<td>0</td>
<td>Management.ManagementTest@6b26e945</td></tr>
</table><p>
<table width='100%' border='1' class='invocation-skipped'>
<tr><td colspan='4' align='center'><b>SKIPPED CONFIGURATIONS</b></td></tr>
<tr><td><b>Test method</b></td>
<td width="30%"><b>Exception</b></td>
<td width="10%"><b>Time (seconds)</b></td>
<td><b>Instance</b></td>
</tr>
<tr>
<td title='Management.ManagementTest.StartTestCase()'><b>StartTestCase</b><br>Test class: Management.ManagementTest</td>
<td></td>
<td>0</td>
<td>Management.ManagementTest@6b26e945</td></tr>
<tr>
<td title='Management.ManagementTest.StartTestCase()'><b>StartTestCase</b><br>Test class: Management.ManagementTest</td>
<td></td>
<td>0</td>
<td>Management.ManagementTest@6b26e945</td></tr>
<tr>
<td title='Management.ManagementTest.StartTestCase()'><b>StartTestCase</b><br>Test class: Management.ManagementTest</td>
<td></td>
<td>0</td>
<td>Management.ManagementTest@6b26e945</td></tr>
<tr>
<td title='Management.ManagementTest.EndReportTestCase()'><b>EndReportTestCase</b><br>Test class: Management.ManagementTest</td>
<td></td>
<td>0</td>
<td>Management.ManagementTest@6b26e945</td></tr>
<tr>
<td title='Management.ManagementTest.EndReportTestCase()'><b>EndReportTestCase</b><br>Test class: Management.ManagementTest</td>
<td></td>
<td>0</td>
<td>Management.ManagementTest@6b26e945</td></tr>
<tr>
<td title='Management.ManagementTest.EndReportTestCase()'><b>EndReportTestCase</b><br>Test class: Management.ManagementTest</td>
<td></td>
<td>0</td>
<td>Management.ManagementTest@6b26e945</td></tr>
<tr>
<td title='Management.ManagementTest.EndReportTestCase()'><b>EndReportTestCase</b><br>Test class: Management.ManagementTest</td>
<td></td>
<td>0</td>
<td>Management.ManagementTest@6b26e945</td></tr>
</table><p>
<table width='100%' border='1' class='invocation-failed'>
<tr><td colspan='4' align='center'><b>FAILED TESTS</b></td></tr>
<tr><td><b>Test method</b></td>
<td width="30%"><b>Exception</b></td>
<td width="10%"><b>Time (seconds)</b></td>
<td><b>Instance</b></td>
</tr>
<tr>
<td title='Management.ManagementNoDataTest.StartTestCase()'><b>StartTestCase</b><br>Test class: Management.ManagementNoDataTest</td>
<td><div><pre>io.restassured.path.json.exception.JsonPathException: Failed to parse the JSON document
	at io.restassured.path.json.JsonPath$ExceptionCatcher.invoke(JsonPath.java:1002)
	at io.restassured.path.json.JsonPath$4.doParseWith(JsonPath.java:967)
	at io.restassured.path.json.JsonPath$JsonParser.parseWith(JsonPath.java:1047)
	at io.restassured.path.json.JsonPath.get(JsonPath.java:202)
	at Utilities.Verification.NotFound(Verification.java:77)
	at Management.ManagementNoDataTest.StartTestCase(ManagementNoDataTest.java:49)
Caused by: groovy.json.JsonException: Lexing failed on line: 1, column: 1, while reading &apos;&lt;&apos;, no possible valid JSON value or punctuation could be recognized.
	at groovy.json.JsonLexer.nextToken(JsonLexer.java:86)
	at groovy.json.JsonLexer$nextToken.call(Unknown Source)
	at io.restassured.internal.path.json.ConfigurableJsonSlurper.parse(ConfigurableJsonSlurper.groovy:97)
	at io.restassured.internal.path.json.ConfigurableJsonSlurper$parse.callCurrent(Unknown Source)
	at io.restassured.internal.path.json.ConfigurableJsonSlurper.parseText(ConfigurableJsonSlurper.groovy:83)
	at io.restassured.path.json.JsonPath$4$1.method(JsonPath.java:965)
	at io.restassured.path.json.JsonPath$ExceptionCatcher.invoke(JsonPath.java:1000)
	... 29 more
... Removed 24 stack frames</pre></div><a href='#' onClick='toggleBox("stack-trace2023610047", this, "Click to show all stack frames", "Click to hide stack frames")'>Click to show all stack frames</a>
<div class='stack-trace' id='stack-trace2023610047'><pre>io.restassured.path.json.exception.JsonPathException: Failed to parse the JSON document
	at io.restassured.path.json.JsonPath$ExceptionCatcher.invoke(JsonPath.java:1002)
	at io.restassured.path.json.JsonPath$4.doParseWith(JsonPath.java:967)
	at io.restassured.path.json.JsonPath$JsonParser.parseWith(JsonPath.java:1047)
	at io.restassured.path.json.JsonPath.get(JsonPath.java:202)
	at Utilities.Verification.NotFound(Verification.java:77)
	at Management.ManagementNoDataTest.StartTestCase(ManagementNoDataTest.java:49)
	at java.base/jdk.internal.reflect.NativeMethodAccessorImpl.invoke0(Native Method)
	at java.base/jdk.internal.reflect.NativeMethodAccessorImpl.invoke(NativeMethodAccessorImpl.java:62)
	at java.base/jdk.internal.reflect.DelegatingMethodAccessorImpl.invoke(DelegatingMethodAccessorImpl.java:43)
	at java.base/java.lang.reflect.Method.invoke(Method.java:567)
	at org.testng.internal.MethodInvocationHelper.invokeMethod(MethodInvocationHelper.java:80)
	at org.testng.internal.Invoker.invokeMethod(Invoker.java:714)
	at org.testng.internal.Invoker.invokeTestMethod(Invoker.java:901)
	at org.testng.internal.Invoker.invokeTestMethods(Invoker.java:1231)
	at org.testng.internal.TestMethodWorker.invokeTestMethods(TestMethodWorker.java:127)
	at org.testng.internal.TestMethodWorker.run(TestMethodWorker.java:111)
	at org.testng.TestRunner.privateRun(TestRunner.java:767)
	at org.testng.TestRunner.run(TestRunner.java:617)
	at org.testng.SuiteRunner.runTest(SuiteRunner.java:334)
	at org.testng.SuiteRunner.runSequentially(SuiteRunner.java:329)
	at org.testng.SuiteRunner.privateRun(SuiteRunner.java:291)
	at org.testng.SuiteRunner.run(SuiteRunner.java:240)
	at org.testng.SuiteRunnerWorker.runSuite(SuiteRunnerWorker.java:52)
	at org.testng.SuiteRunnerWorker.run(SuiteRunnerWorker.java:86)
	at org.testng.TestNG.runSuitesSequentially(TestNG.java:1198)
	at org.testng.TestNG.runSuitesLocally(TestNG.java:1123)
	at org.testng.TestNG.run(TestNG.java:1031)
	at org.testng.remote.AbstractRemoteTestNG.run(AbstractRemoteTestNG.java:115)
	at org.testng.remote.RemoteTestNG.initAndRun(RemoteTestNG.java:251)
	at org.testng.remote.RemoteTestNG.main(RemoteTestNG.java:77)
Caused by: groovy.json.JsonException: Lexing failed on line: 1, column: 1, while reading &apos;&lt;&apos;, no possible valid JSON value or punctuation could be recognized.
	at groovy.json.JsonLexer.nextToken(JsonLexer.java:86)
	at groovy.json.JsonLexer$nextToken.call(Unknown Source)
	at io.restassured.internal.path.json.ConfigurableJsonSlurper.parse(ConfigurableJsonSlurper.groovy:97)
	at io.restassured.internal.path.json.ConfigurableJsonSlurper$parse.callCurrent(Unknown Source)
	at io.restassured.internal.path.json.ConfigurableJsonSlurper.parseText(ConfigurableJsonSlurper.groovy:83)
	at io.restassured.path.json.JsonPath$4$1.method(JsonPath.java:965)
	at io.restassured.path.json.JsonPath$ExceptionCatcher.invoke(JsonPath.java:1000)
	... 29 more
</pre></div></td>
<td>1</td>
<td>Management.ManagementNoDataTest@54c562f7</td></tr>
</table><p>
<table width='100%' border='1' class='invocation-passed'>
<tr><td colspan='4' align='center'><b>PASSED TESTS</b></td></tr>
<tr><td><b>Test method</b></td>
<td width="30%"><b>Exception</b></td>
<td width="10%"><b>Time (seconds)</b></td>
<td><b>Instance</b></td>
</tr>
<tr>
<td title='Management.ManagementErrorTest.PatchRequest()'><b>PatchRequest</b><br>Test class: Management.ManagementErrorTest</td>
<td></td>
<td>0</td>
<td>Management.ManagementErrorTest@63a65a25</td></tr>
<tr>
<td title='Management.ManagementErrorTest.RequestWithDifferentMSISDN()'><b>RequestWithDifferentMSISDN</b><br>Test class: Management.ManagementErrorTest</td>
<td></td>
<td>0</td>
<td>Management.ManagementErrorTest@63a65a25</td></tr>
<tr>
<td title='Management.ManagementErrorTest.RequestWithoutMsisdn()'><b>RequestWithoutMsisdn</b><br>Test class: Management.ManagementErrorTest</td>
<td></td>
<td>0</td>
<td>Management.ManagementErrorTest@63a65a25</td></tr>
<tr>
<td title='Management.ManagementErrorTest.RequestWithoutToken()'><b>RequestWithoutToken</b><br>Test class: Management.ManagementErrorTest</td>
<td></td>
<td>0</td>
<td>Management.ManagementErrorTest@63a65a25</td></tr>
<tr>
<td title='Management.ManagementErrorTest.RequestWrongURL()'><b>RequestWrongURL</b><br>Test class: Management.ManagementErrorTest</td>
<td></td>
<td>0</td>
<td>Management.ManagementErrorTest@63a65a25</td></tr>
<tr>
<td title='Management.ManagementErrorTest.badRequest()'><b>badRequest</b><br>Test class: Management.ManagementErrorTest</td>
<td></td>
<td>0</td>
<td>Management.ManagementErrorTest@63a65a25</td></tr>
<tr>
<td title='Management.ManagementErrorTest.missningQRequest()'><b>missningQRequest</b><br>Test class: Management.ManagementErrorTest</td>
<td></td>
<td>0</td>
<td>Management.ManagementErrorTest@63a65a25</td></tr>
</table><p>
<table width='100%' border='1' class='invocation-skipped'>
<tr><td colspan='4' align='center'><b>SKIPPED TESTS</b></td></tr>
<tr><td><b>Test method</b></td>
<td width="30%"><b>Exception</b></td>
<td width="10%"><b>Time (seconds)</b></td>
<td><b>Instance</b></td>
</tr>
<tr>
<td title='Management.ManagementTest.postpaidProductHasValue()'><b>postpaidProductHasValue</b><br>Test class: Management.ManagementTest</td>
<td></td>
<td>0</td>
<td>Management.ManagementTest@6b26e945</td></tr>
<tr>
<td title='Management.ManagementTest.postpaidProductIsZero()'><b>postpaidProductIsZero</b><br>Test class: Management.ManagementTest</td>
<td></td>
<td>0</td>
<td>Management.ManagementTest@6b26e945</td></tr>
<tr>
<td title='Management.ManagementTest.voiceProductHasValue()'><b>voiceProductHasValue</b><br>Test class: Management.ManagementTest</td>
<td></td>
<td>0</td>
<td>Management.ManagementTest@6b26e945</td></tr>
<tr>
<td title='Management.ManagementTest.voiceProductIsZero()'><b>voiceProductIsZero</b><br>Test class: Management.ManagementTest</td>
<td></td>
<td>0</td>
<td>Management.ManagementTest@6b26e945</td></tr>
</table><p>
</body>
</html>